<?xml version="1.0" encoding="UTF-8"?>
<!-- Generated by org.testng.reporters.JUnitReportReporter -->
<testsuite skipped="0" hostname="DESKTOP-USPQ1LK" name="Mavenjava.Mymavenproject.SeleniumTest" tests="2" failures="0" timestamp="2020-05-31T14:44:40 IST" time="0.004" errors="0">
  <testcase name="BrowserAutomaiton" time="0.002" classname="Mavenjava.Mymavenproject.SeleniumTest"/>
  <system-out/>
  <testcase name="ElementUI" time="0.002" classname="Mavenjava.Mymavenproject.SeleniumTest"/>
  <system-out/>
</testsuite> <!-- Mavenjava.Mymavenproject.SeleniumTest -->
