<?xml version="1.0" encoding="UTF-8"?>
<!-- Generated by org.testng.reporters.JUnitReportReporter -->
<testsuite skipped="0" hostname="DESKTOP-USPQ1LK" name="Mavenjava.Mymavenproject.AppiumTest" tests="2" failures="0" timestamp="2020-05-31T14:44:40 IST" time="0.014" errors="0">
  <testcase name="IOSappliction" time="0.011" classname="Mavenjava.Mymavenproject.AppiumTest"/>
  <system-out/>
  <testcase name="NativeapkAndroid" time="0.003" classname="Mavenjava.Mymavenproject.AppiumTest"/>
  <system-out/>
</testsuite> <!-- Mavenjava.Mymavenproject.AppiumTest -->
