<?xml version="1.0" encoding="UTF-8"?>
<!-- Generated by org.testng.reporters.JUnitReportReporter -->
<testsuite skipped="0" hostname="DESKTOP-USPQ1LK" name="Mavenjava.Mymavenproject.RestAPITest" tests="3" failures="0" timestamp="2020-05-31T14:44:40 IST" time="0.009" errors="0">
  <testcase name="DeleteTwitter" time="0.004" classname="Mavenjava.Mymavenproject.RestAPITest"/>
  <system-out/>
  <testcase name="PostJira" time="0.003" classname="Mavenjava.Mymavenproject.RestAPITest"/>
  <system-out/>
  <testcase name="Restart" time="0.002" classname="Mavenjava.Mymavenproject.RestAPITest"/>
  <system-out/>
</testsuite> <!-- Mavenjava.Mymavenproject.RestAPITest -->
